빌드 시작: 2019-10-05 오후 4:41:43
     1>2 노드의 "C:\Users\User\Desktop\동덕\C 연습\프논_1학기_복습\메르센소수\메르센소수.vcxproj" 프로젝트(build 대상)입니다.
     1>InitializeBuildStatus:
         "Debug\메르센소수.unsuccessfulbuild"에 연결(touching)하고 있습니다.
       ClCompile:
         모든 출력이 최신 상태입니다.
       ManifestResourceCompile:
         모든 출력이 최신 상태입니다.
       Link:
         c:\Program Files (x86)\Microsoft Visual Studio 10.0\VC\bin\link.exe /ERRORREPORT:PROMPT /OUT:"C:\Users\User\Desktop\동덕\C 연습\프논_1학기_복습\Debug\메르센소수.exe" /INCREMENTAL /NOLOGO kernel32.lib user32.lib gdi32.lib winspool.lib comdlg32.lib advapi32.lib shell32.lib ole32.lib oleaut32.lib uuid.lib odbc32.lib odbccp32.lib /MANIFEST /ManifestFile:"Debug\메르센소수.exe.intermediate.manifest" /MANIFESTUAC:"level='asInvoker' uiAccess='false'" /DEBUG /PDB:"C:\Users\User\Desktop\동덕\C 연습\프논_1학기_복습\Debug\메르센소수.pdb" /SUBSYSTEM:CONSOLE /TLBID:1 /DYNAMICBASE /NXCOMPAT /IMPLIB:"C:\Users\User\Desktop\동덕\C 연습\프논_1학기_복습\Debug\메르센소수.lib" /MACHINE:X86 "Debug\메르센소수.exe.embed.manifest.res"
         "Debug\메르센소수.obj"
       Manifest:
         C:\Program Files (x86)\Microsoft SDKs\Windows\v7.0A\bin\mt.exe /nologo /verbose /out:"Debug\메르센소수.exe.embed.manifest" /manifest "Debug\메르센소수.exe.intermediate.manifest"
         모든 출력이 최신 상태입니다.
       LinkEmbedManifest:
         모든 출력이 최신 상태입니다.
         메르센소수.vcxproj -> C:\Users\User\Desktop\동덕\C 연습\프논_1학기_복습\Debug\메르센소수.exe
       FinalizeBuildStatus:
         "Debug\메르센소수.unsuccessfulbuild" 파일을 삭제하고 있습니다.
         "Debug\메르센소수.lastbuildstate"에 연결(touching)하고 있습니다.
     1>"C:\Users\User\Desktop\동덕\C 연습\프논_1학기_복습\메르센소수\메르센소수.vcxproj" 프로젝트를 빌드했습니다(build 대상).

빌드했습니다.

경과 시간: 00:00:01.05
