C:\USERS\USER\DESKTOP\동덕\C 연습\프논_1학기_복습\DEBUG\대문자만 출력.EXE
C:\USERS\USER\DESKTOP\동덕\C 연습\프논_1학기_복습\DEBUG\대문자만 출력.ILK
C:\USERS\USER\DESKTOP\동덕\C 연습\프논_1학기_복습\DEBUG\대문자만 출력.PDB
C:\USERS\USER\DESKTOP\동덕\C 연습\프논_1학기_복습\대문자만 출력\DEBUG\VC100.PDB
C:\USERS\USER\DESKTOP\동덕\C 연습\프논_1학기_복습\대문자만 출력\DEBUG\대문자만 출력.EXE.EMBED.MANIFEST
C:\USERS\USER\DESKTOP\동덕\C 연습\프논_1학기_복습\대문자만 출력\DEBUG\대문자만 출력.EXE.EMBED.MANIFEST.RES
C:\USERS\USER\DESKTOP\동덕\C 연습\프논_1학기_복습\대문자만 출력\DEBUG\대문자만 출력.EXE.INTERMEDIATE.MANIFEST
C:\USERS\USER\DESKTOP\동덕\C 연습\프논_1학기_복습\대문자만 출력\DEBUG\대문자만 출력.OBJ
C:\Users\User\Desktop\프논_1학기_복습\Debug\대문자만 출력.exe
C:\Users\User\Desktop\프논_1학기_복습\Debug\대문자만 출력.ilk
C:\Users\User\Desktop\프논_1학기_복습\Debug\대문자만 출력.pdb
C:\Users\User\Desktop\프논_1학기_복습\대문자만 출력\Debug\cl.command.1.tlog
C:\Users\User\Desktop\프논_1학기_복습\대문자만 출력\Debug\CL.read.1.tlog
C:\Users\User\Desktop\프논_1학기_복습\대문자만 출력\Debug\CL.write.1.tlog
C:\Users\User\Desktop\프논_1학기_복습\대문자만 출력\Debug\link.9804.read.1.tlog
C:\Users\User\Desktop\프논_1학기_복습\대문자만 출력\Debug\link.9804.write.1.tlog
C:\Users\User\Desktop\프논_1학기_복습\대문자만 출력\Debug\link.9804-cvtres.read.1.tlog
C:\Users\User\Desktop\프논_1학기_복습\대문자만 출력\Debug\link.9804-cvtres.write.1.tlog
C:\Users\User\Desktop\프논_1학기_복습\대문자만 출력\Debug\link.command.1.tlog
C:\Users\User\Desktop\프논_1학기_복습\대문자만 출력\Debug\link.read.1.tlog
C:\Users\User\Desktop\프논_1학기_복습\대문자만 출력\Debug\link.write.1.tlog
C:\Users\User\Desktop\프논_1학기_복습\대문자만 출력\Debug\link-cvtres.read.1.tlog
C:\Users\User\Desktop\프논_1학기_복습\대문자만 출력\Debug\link-cvtres.write.1.tlog
C:\Users\User\Desktop\프논_1학기_복습\대문자만 출력\Debug\mt.command.1.tlog
C:\Users\User\Desktop\프논_1학기_복습\대문자만 출력\Debug\mt.read.1.tlog
C:\Users\User\Desktop\프논_1학기_복습\대문자만 출력\Debug\mt.write.1.tlog
C:\Users\User\Desktop\프논_1학기_복습\대문자만 출력\Debug\rc.command.1.tlog
C:\Users\User\Desktop\프논_1학기_복습\대문자만 출력\Debug\rc.read.1.tlog
C:\Users\User\Desktop\프논_1학기_복습\대문자만 출력\Debug\rc.write.1.tlog
C:\Users\User\Desktop\프논_1학기_복습\대문자만 출력\Debug\vc100.idb
C:\Users\User\Desktop\프논_1학기_복습\대문자만 출력\Debug\vc100.pdb
C:\Users\User\Desktop\프논_1학기_복습\대문자만 출력\Debug\대문자만 출력.exe.embed.manifest
C:\Users\User\Desktop\프논_1학기_복습\대문자만 출력\Debug\대문자만 출력.exe.embed.manifest.res
C:\Users\User\Desktop\프논_1학기_복습\대문자만 출력\Debug\대문자만 출력.exe.intermediate.manifest
C:\Users\User\Desktop\프논_1학기_복습\대문자만 출력\Debug\대문자만 출력.obj
C:\Users\User\Desktop\프논_1학기_복습\대문자만 출력\Debug\대문자만 출력.write.1.tlog
C:\Users\User\Desktop\프논_1학기_복습\대문자만 출력\Debug\대문자만 출력_manifest.rc
