빌드 시작: 2019-10-09 오후 7:36:33
     1>2 노드의 "C:\Users\User\Desktop\동덕\C 연습\프논_1학기_복습\2차원 배열-난수\2차원 배열-난수.vcxproj" 프로젝트(build 대상)입니다.
     1>InitializeBuildStatus:
         "AlwaysCreate"이(가) 지정되었기 때문에 "Debug\2차원 배열-난수.unsuccessfulbuild"을(를) 만들고 있습니다.
       ClCompile:
         c:\Program Files (x86)\Microsoft Visual Studio 10.0\VC\bin\CL.exe /c /ZI /nologo /W3 /WX- /Od /Oy- /D WIN32 /D _DEBUG /D _CONSOLE /D _UNICODE /D UNICODE /Gm /EHsc /RTC1 /MDd /GS /fp:precise /Zc:wchar_t /Zc:forScope /Fo"Debug\\" /Fd"Debug\vc100.pdb" /Gd /TC /analyze- /errorReport:prompt "2차원 배열-난수.c"
         2차원 배열-난수.c
     1>c:\users\user\desktop\동덕\c 연습\프논_1학기_복습\2차원 배열-난수\2차원 배열-난수.c(58): warning C4244: '함수' : 'time_t'에서 'unsigned int'(으)로 변환하면서 데이터가 손실될 수 있습니다.
     1>c:\users\user\desktop\동덕\c 연습\프논_1학기_복습\2차원 배열-난수\2차원 배열-난수.c(55): warning C4101: 'i' :참조되지 않은 지역 변수입니다.
     1>c:\users\user\desktop\동덕\c 연습\프논_1학기_복습\2차원 배열-난수\2차원 배열-난수.c(55): warning C4101: 'j' :참조되지 않은 지역 변수입니다.
       ManifestResourceCompile:
         모든 출력이 최신 상태입니다.
       Link:
         c:\Program Files (x86)\Microsoft Visual Studio 10.0\VC\bin\link.exe /ERRORREPORT:PROMPT /OUT:"C:\Users\User\Desktop\동덕\C 연습\프논_1학기_복습\Debug\2차원 배열-난수.exe" /INCREMENTAL /NOLOGO kernel32.lib user32.lib gdi32.lib winspool.lib comdlg32.lib advapi32.lib shell32.lib ole32.lib oleaut32.lib uuid.lib odbc32.lib odbccp32.lib /MANIFEST /ManifestFile:"Debug\2차원 배열-난수.exe.intermediate.manifest" /MANIFESTUAC:"level='asInvoker' uiAccess='false'" /DEBUG /PDB:"C:\Users\User\Desktop\동덕\C 연습\프논_1학기_복습\Debug\2차원 배열-난수.pdb" /SUBSYSTEM:CONSOLE /TLBID:1 /DYNAMICBASE /NXCOMPAT /IMPLIB:"C:\Users\User\Desktop\동덕\C 연습\프논_1학기_복습\Debug\2차원 배열-난수.lib" /MACHINE:X86 "Debug\2차원 배열-난수.exe.embed.manifest.res"
         "Debug\2차원 배열-난수.obj"
       Manifest:
         C:\Program Files (x86)\Microsoft SDKs\Windows\v7.0A\bin\mt.exe /nologo /verbose /out:"Debug\2차원 배열-난수.exe.embed.manifest" /manifest "Debug\2차원 배열-난수.exe.intermediate.manifest"
         모든 출력이 최신 상태입니다.
       LinkEmbedManifest:
         모든 출력이 최신 상태입니다.
         2차원 배열-난수.vcxproj -> C:\Users\User\Desktop\동덕\C 연습\프논_1학기_복습\Debug\2차원 배열-난수.exe
       FinalizeBuildStatus:
         "Debug\2차원 배열-난수.unsuccessfulbuild" 파일을 삭제하고 있습니다.
         "Debug\2차원 배열-난수.lastbuildstate"에 연결(touching)하고 있습니다.
     1>"C:\Users\User\Desktop\동덕\C 연습\프논_1학기_복습\2차원 배열-난수\2차원 배열-난수.vcxproj" 프로젝트를 빌드했습니다(build 대상).

빌드했습니다.

경과 시간: 00:00:01.40
