C:\USERS\USER\DESKTOP\동덕\C 연습\프논_1학기_복습\DEBUG\집합-기초.EXE
C:\USERS\USER\DESKTOP\동덕\C 연습\프논_1학기_복습\DEBUG\집합-기초.ILK
C:\USERS\USER\DESKTOP\동덕\C 연습\프논_1학기_복습\DEBUG\집합-기초.PDB
C:\Users\User\Desktop\동덕\C 연습\프논_1학기_복습\집합-기초\Debug\cl.command.1.tlog
C:\Users\User\Desktop\동덕\C 연습\프논_1학기_복습\집합-기초\Debug\CL.read.1.tlog
C:\Users\User\Desktop\동덕\C 연습\프논_1학기_복습\집합-기초\Debug\CL.write.1.tlog
C:\Users\User\Desktop\동덕\C 연습\프논_1학기_복습\집합-기초\Debug\link.9396.read.1.tlog
C:\Users\User\Desktop\동덕\C 연습\프논_1학기_복습\집합-기초\Debug\link.9396.write.1.tlog
C:\Users\User\Desktop\동덕\C 연습\프논_1학기_복습\집합-기초\Debug\link.9396-cvtres.read.1.tlog
C:\Users\User\Desktop\동덕\C 연습\프논_1학기_복습\집합-기초\Debug\link.9396-cvtres.write.1.tlog
C:\Users\User\Desktop\동덕\C 연습\프논_1학기_복습\집합-기초\Debug\link.command.1.tlog
C:\Users\User\Desktop\동덕\C 연습\프논_1학기_복습\집합-기초\Debug\link.read.1.tlog
C:\Users\User\Desktop\동덕\C 연습\프논_1학기_복습\집합-기초\Debug\link.write.1.tlog
C:\Users\User\Desktop\동덕\C 연습\프논_1학기_복습\집합-기초\Debug\link-cvtres.read.1.tlog
C:\Users\User\Desktop\동덕\C 연습\프논_1학기_복습\집합-기초\Debug\link-cvtres.write.1.tlog
C:\Users\User\Desktop\동덕\C 연습\프논_1학기_복습\집합-기초\Debug\mt.command.1.tlog
C:\Users\User\Desktop\동덕\C 연습\프논_1학기_복습\집합-기초\Debug\mt.read.1.tlog
C:\Users\User\Desktop\동덕\C 연습\프논_1학기_복습\집합-기초\Debug\mt.write.1.tlog
C:\Users\User\Desktop\동덕\C 연습\프논_1학기_복습\집합-기초\Debug\rc.command.1.tlog
C:\Users\User\Desktop\동덕\C 연습\프논_1학기_복습\집합-기초\Debug\rc.read.1.tlog
C:\Users\User\Desktop\동덕\C 연습\프논_1학기_복습\집합-기초\Debug\rc.write.1.tlog
C:\Users\User\Desktop\동덕\C 연습\프논_1학기_복습\집합-기초\Debug\vc100.idb
C:\USERS\USER\DESKTOP\동덕\C 연습\프논_1학기_복습\집합-기초\DEBUG\VC100.PDB
C:\USERS\USER\DESKTOP\동덕\C 연습\프논_1학기_복습\집합-기초\DEBUG\집합-기초.EXE.EMBED.MANIFEST
C:\USERS\USER\DESKTOP\동덕\C 연습\프논_1학기_복습\집합-기초\DEBUG\집합-기초.EXE.EMBED.MANIFEST.RES
C:\USERS\USER\DESKTOP\동덕\C 연습\프논_1학기_복습\집합-기초\DEBUG\집합-기초.EXE.INTERMEDIATE.MANIFEST
C:\USERS\USER\DESKTOP\동덕\C 연습\프논_1학기_복습\집합-기초\DEBUG\집합-기초.OBJ
C:\Users\User\Desktop\동덕\C 연습\프논_1학기_복습\집합-기초\Debug\집합-기초.vcxprojResolveAssemblyReference.cache
C:\Users\User\Desktop\동덕\C 연습\프논_1학기_복습\집합-기초\Debug\집합-기초.write.1.tlog
C:\Users\User\Desktop\동덕\C 연습\프논_1학기_복습\집합-기초\Debug\집합-기초_manifest.rc
