빌드 시작: 2019-12-04 오후 3:43:08
     1>2 노드의 "C:\Users\User\Desktop\동덕\C 연습\프논_복습(2)\대소문자 체인지, 재배열\대소문자 체인지, 재배열.vcxproj" 프로젝트(build 대상)입니다.
     1>InitializeBuildStatus:
         "AlwaysCreate"이(가) 지정되었기 때문에 "Debug\대소문자 체인지, 재배열.unsuccessfulbuild"을(를) 만들고 있습니다.
       ClCompile:
         c:\Program Files (x86)\Microsoft Visual Studio 10.0\VC\bin\CL.exe /c /ZI /nologo /W3 /WX- /Od /Oy- /D WIN32 /D _DEBUG /D _CONSOLE /D _UNICODE /D UNICODE /Gm /EHsc /RTC1 /MDd /GS /fp:precise /Zc:wchar_t /Zc:forScope /Fo"Debug\\" /Fd"Debug\vc100.pdb" /Gd /TC /analyze- /errorReport:prompt "대소문자 체인지, 재배열.c"
         대소문자 체인지, 재배열.c
     1>c:\users\user\desktop\동덕\c 연습\프논_복습(2)\대소문자 체인지, 재배열\대소문자 체인지, 재배열.c(15): warning C4996: 'gets': This function or variable may be unsafe. Consider using gets_s instead. To disable deprecation, use _CRT_SECURE_NO_WARNINGS. See online help for details.
                 c:\program files (x86)\microsoft visual studio 10.0\vc\include\stdio.h(277) : 'gets' 선언을 참조하십시오.
     1>c:\users\user\desktop\동덕\c 연습\프논_복습(2)\대소문자 체인지, 재배열\대소문자 체인지, 재배열.c(37): warning C4996: 'strcpy': This function or variable may be unsafe. Consider using strcpy_s instead. To disable deprecation, use _CRT_SECURE_NO_WARNINGS. See online help for details.
                 c:\program files (x86)\microsoft visual studio 10.0\vc\include\string.h(105) : 'strcpy' 선언을 참조하십시오.
     1>c:\users\user\desktop\동덕\c 연습\프논_복습(2)\대소문자 체인지, 재배열\대소문자 체인지, 재배열.c(38): warning C4996: 'strcat': This function or variable may be unsafe. Consider using strcat_s instead. To disable deprecation, use _CRT_SECURE_NO_WARNINGS. See online help for details.
                 c:\program files (x86)\microsoft visual studio 10.0\vc\include\string.h(110) : 'strcat' 선언을 참조하십시오.
       ManifestResourceCompile:
         C:\Program Files (x86)\Microsoft SDKs\Windows\v7.0A\bin\rc.exe /nologo /fo"Debug\대소문자 체인지, 재배열.exe.embed.manifest.res" "Debug\대소문자 체인지, 재배열_manifest.rc" 
       Link:
         c:\Program Files (x86)\Microsoft Visual Studio 10.0\VC\bin\link.exe /ERRORREPORT:PROMPT /OUT:"C:\Users\User\Desktop\동덕\C 연습\프논_복습(2)\Debug\대소문자 체인지, 재배열.exe" /INCREMENTAL /NOLOGO kernel32.lib user32.lib gdi32.lib winspool.lib comdlg32.lib advapi32.lib shell32.lib ole32.lib oleaut32.lib uuid.lib odbc32.lib odbccp32.lib /MANIFEST /ManifestFile:"Debug\대소문자 체인지, 재배열.exe.intermediate.manifest" /MANIFESTUAC:"level='asInvoker' uiAccess='false'" /DEBUG /PDB:"C:\Users\User\Desktop\동덕\C 연습\프논_복습(2)\Debug\대소문자 체인지, 재배열.pdb" /SUBSYSTEM:CONSOLE /TLBID:1 /DYNAMICBASE /NXCOMPAT /IMPLIB:"C:\Users\User\Desktop\동덕\C 연습\프논_복습(2)\Debug\대소문자 체인지, 재배열.lib" /MACHINE:X86 "Debug\대소문자 체인지, 재배열.exe.embed.manifest.res"
         "Debug\대소문자 체인지, 재배열.obj"
       Manifest:
         C:\Program Files (x86)\Microsoft SDKs\Windows\v7.0A\bin\mt.exe /nologo /verbose /out:"Debug\대소문자 체인지, 재배열.exe.embed.manifest" /manifest "Debug\대소문자 체인지, 재배열.exe.intermediate.manifest"
         C:\Program Files (x86)\Microsoft SDKs\Windows\v7.0A\bin\rc.exe /nologo /fo"Debug\대소문자 체인지, 재배열.exe.embed.manifest.res" "Debug\대소문자 체인지, 재배열_manifest.rc" 
       LinkEmbedManifest:
         c:\Program Files (x86)\Microsoft Visual Studio 10.0\VC\bin\link.exe /ERRORREPORT:PROMPT /OUT:"C:\Users\User\Desktop\동덕\C 연습\프논_복습(2)\Debug\대소문자 체인지, 재배열.exe" /INCREMENTAL /NOLOGO kernel32.lib user32.lib gdi32.lib winspool.lib comdlg32.lib advapi32.lib shell32.lib ole32.lib oleaut32.lib uuid.lib odbc32.lib odbccp32.lib /MANIFEST /ManifestFile:"Debug\대소문자 체인지, 재배열.exe.intermediate.manifest" /MANIFESTUAC:"level='asInvoker' uiAccess='false'" /DEBUG /PDB:"C:\Users\User\Desktop\동덕\C 연습\프논_복습(2)\Debug\대소문자 체인지, 재배열.pdb" /SUBSYSTEM:CONSOLE /TLBID:1 /DYNAMICBASE /NXCOMPAT /IMPLIB:"C:\Users\User\Desktop\동덕\C 연습\프논_복습(2)\Debug\대소문자 체인지, 재배열.lib" /MACHINE:X86 "Debug\대소문자 체인지, 재배열.exe.embed.manifest.res"
         "Debug\대소문자 체인지, 재배열.obj"
         대소문자 체인지, 재배열.vcxproj -> C:\Users\User\Desktop\동덕\C 연습\프논_복습(2)\Debug\대소문자 체인지, 재배열.exe
       FinalizeBuildStatus:
         "Debug\대소문자 체인지, 재배열.unsuccessfulbuild" 파일을 삭제하고 있습니다.
         "Debug\대소문자 체인지, 재배열.lastbuildstate"에 연결(touching)하고 있습니다.
     1>"C:\Users\User\Desktop\동덕\C 연습\프논_복습(2)\대소문자 체인지, 재배열\대소문자 체인지, 재배열.vcxproj" 프로젝트를 빌드했습니다(build 대상).

빌드했습니다.

경과 시간: 00:00:02.99
