C:\USERS\USER\DESKTOP\동덕\C 연습\프논_1학기_복습\DEBUG\난수 정렬.EXE
C:\USERS\USER\DESKTOP\동덕\C 연습\프논_1학기_복습\DEBUG\난수 정렬.ILK
C:\USERS\USER\DESKTOP\동덕\C 연습\프논_1학기_복습\DEBUG\난수 정렬.PDB
C:\USERS\USER\DESKTOP\동덕\C 연습\프논_1학기_복습\난수 정렬\DEBUG\VC100.PDB
C:\USERS\USER\DESKTOP\동덕\C 연습\프논_1학기_복습\난수 정렬\DEBUG\난수 정렬.EXE.EMBED.MANIFEST
C:\USERS\USER\DESKTOP\동덕\C 연습\프논_1학기_복습\난수 정렬\DEBUG\난수 정렬.EXE.EMBED.MANIFEST.RES
C:\USERS\USER\DESKTOP\동덕\C 연습\프논_1학기_복습\난수 정렬\DEBUG\난수 정렬.EXE.INTERMEDIATE.MANIFEST
C:\USERS\USER\DESKTOP\동덕\C 연습\프논_1학기_복습\난수 정렬\DEBUG\난수 정렬.OBJ
C:\Users\User\Desktop\프논_1학기_복습\Debug\난수 정렬.exe
C:\Users\User\Desktop\프논_1학기_복습\Debug\난수 정렬.ilk
C:\Users\User\Desktop\프논_1학기_복습\Debug\난수 정렬.pdb
C:\Users\User\Desktop\프논_1학기_복습\난수 정렬\Debug\cl.command.1.tlog
C:\Users\User\Desktop\프논_1학기_복습\난수 정렬\Debug\CL.read.1.tlog
C:\Users\User\Desktop\프논_1학기_복습\난수 정렬\Debug\CL.write.1.tlog
C:\Users\User\Desktop\프논_1학기_복습\난수 정렬\Debug\link.3668.read.1.tlog
C:\Users\User\Desktop\프논_1학기_복습\난수 정렬\Debug\link.3668.write.1.tlog
C:\Users\User\Desktop\프논_1학기_복습\난수 정렬\Debug\link.3668-cvtres.read.1.tlog
C:\Users\User\Desktop\프논_1학기_복습\난수 정렬\Debug\link.3668-cvtres.write.1.tlog
C:\Users\User\Desktop\프논_1학기_복습\난수 정렬\Debug\link.command.1.tlog
C:\Users\User\Desktop\프논_1학기_복습\난수 정렬\Debug\link.read.1.tlog
C:\Users\User\Desktop\프논_1학기_복습\난수 정렬\Debug\link.write.1.tlog
C:\Users\User\Desktop\프논_1학기_복습\난수 정렬\Debug\link-cvtres.read.1.tlog
C:\Users\User\Desktop\프논_1학기_복습\난수 정렬\Debug\link-cvtres.write.1.tlog
C:\Users\User\Desktop\프논_1학기_복습\난수 정렬\Debug\mt.command.1.tlog
C:\Users\User\Desktop\프논_1학기_복습\난수 정렬\Debug\mt.read.1.tlog
C:\Users\User\Desktop\프논_1학기_복습\난수 정렬\Debug\mt.write.1.tlog
C:\Users\User\Desktop\프논_1학기_복습\난수 정렬\Debug\rc.command.1.tlog
C:\Users\User\Desktop\프논_1학기_복습\난수 정렬\Debug\rc.read.1.tlog
C:\Users\User\Desktop\프논_1학기_복습\난수 정렬\Debug\rc.write.1.tlog
C:\Users\User\Desktop\프논_1학기_복습\난수 정렬\Debug\vc100.idb
C:\Users\User\Desktop\프논_1학기_복습\난수 정렬\Debug\vc100.pdb
C:\Users\User\Desktop\프논_1학기_복습\난수 정렬\Debug\난수 정렬.exe.embed.manifest
C:\Users\User\Desktop\프논_1학기_복습\난수 정렬\Debug\난수 정렬.exe.embed.manifest.res
C:\Users\User\Desktop\프논_1학기_복습\난수 정렬\Debug\난수 정렬.exe.intermediate.manifest
C:\Users\User\Desktop\프논_1학기_복습\난수 정렬\Debug\난수 정렬.obj
C:\Users\User\Desktop\프논_1학기_복습\난수 정렬\Debug\난수 정렬.write.1.tlog
C:\Users\User\Desktop\프논_1학기_복습\난수 정렬\Debug\난수 정렬_manifest.rc
