빌드 시작: 2019-12-13 오후 3:24:46
     1>2 노드의 "C:\Users\User\Desktop\동덕\C 연습\프논_복습(2)\분리자로 숫자만 저장\분리자로 숫자만 저장.vcxproj" 프로젝트(build 대상)입니다.
     1>InitializeBuildStatus:
         "Debug\분리자로 숫자만 저장.unsuccessfulbuild"에 연결(touching)하고 있습니다.
       ClCompile:
         c:\Program Files (x86)\Microsoft Visual Studio 10.0\VC\bin\CL.exe /c /ZI /nologo /W3 /WX- /Od /Oy- /D WIN32 /D _DEBUG /D _CONSOLE /D _UNICODE /D UNICODE /Gm /EHsc /RTC1 /MDd /GS /fp:precise /Zc:wchar_t /Zc:forScope /Fo"Debug\\" /Fd"Debug\vc100.pdb" /Gd /TC /analyze- /errorReport:prompt "분리자로 숫자만 저장.c"
         분리자로 숫자만 저장.c
     1>c:\users\user\desktop\동덕\c 연습\프논_복습(2)\분리자로 숫자만 저장\분리자로 숫자만 저장.c(23): warning C4996: 'gets': This function or variable may be unsafe. Consider using gets_s instead. To disable deprecation, use _CRT_SECURE_NO_WARNINGS. See online help for details.
                 c:\program files (x86)\microsoft visual studio 10.0\vc\include\stdio.h(277) : 'gets' 선언을 참조하십시오.
     1>c:\users\user\desktop\동덕\c 연습\프논_복습(2)\분리자로 숫자만 저장\분리자로 숫자만 저장.c(25): warning C4996: 'strtok': This function or variable may be unsafe. Consider using strtok_s instead. To disable deprecation, use _CRT_SECURE_NO_WARNINGS. See online help for details.
                 c:\program files (x86)\microsoft visual studio 10.0\vc\include\string.h(197) : 'strtok' 선언을 참조하십시오.
     1>c:\users\user\desktop\동덕\c 연습\프논_복습(2)\분리자로 숫자만 저장\분리자로 숫자만 저장.c(34): warning C4996: 'strtok': This function or variable may be unsafe. Consider using strtok_s instead. To disable deprecation, use _CRT_SECURE_NO_WARNINGS. See online help for details.
                 c:\program files (x86)\microsoft visual studio 10.0\vc\include\string.h(197) : 'strtok' 선언을 참조하십시오.
       ManifestResourceCompile:
         모든 출력이 최신 상태입니다.
       Link:
         c:\Program Files (x86)\Microsoft Visual Studio 10.0\VC\bin\link.exe /ERRORREPORT:PROMPT /OUT:"C:\Users\User\Desktop\동덕\C 연습\프논_복습(2)\Debug\분리자로 숫자만 저장.exe" /INCREMENTAL /NOLOGO kernel32.lib user32.lib gdi32.lib winspool.lib comdlg32.lib advapi32.lib shell32.lib ole32.lib oleaut32.lib uuid.lib odbc32.lib odbccp32.lib /MANIFEST /ManifestFile:"Debug\분리자로 숫자만 저장.exe.intermediate.manifest" /MANIFESTUAC:"level='asInvoker' uiAccess='false'" /DEBUG /PDB:"C:\Users\User\Desktop\동덕\C 연습\프논_복습(2)\Debug\분리자로 숫자만 저장.pdb" /SUBSYSTEM:CONSOLE /TLBID:1 /DYNAMICBASE /NXCOMPAT /IMPLIB:"C:\Users\User\Desktop\동덕\C 연습\프논_복습(2)\Debug\분리자로 숫자만 저장.lib" /MACHINE:X86 "Debug\분리자로 숫자만 저장.exe.embed.manifest.res"
         "Debug\분리자로 숫자만 저장.obj"
       Manifest:
         C:\Program Files (x86)\Microsoft SDKs\Windows\v7.0A\bin\mt.exe /nologo /verbose /out:"Debug\분리자로 숫자만 저장.exe.embed.manifest" /manifest "Debug\분리자로 숫자만 저장.exe.intermediate.manifest"
         모든 출력이 최신 상태입니다.
       LinkEmbedManifest:
         모든 출력이 최신 상태입니다.
         분리자로 숫자만 저장.vcxproj -> C:\Users\User\Desktop\동덕\C 연습\프논_복습(2)\Debug\분리자로 숫자만 저장.exe
       FinalizeBuildStatus:
         "Debug\분리자로 숫자만 저장.unsuccessfulbuild" 파일을 삭제하고 있습니다.
         "Debug\분리자로 숫자만 저장.lastbuildstate"에 연결(touching)하고 있습니다.
     1>"C:\Users\User\Desktop\동덕\C 연습\프논_복습(2)\분리자로 숫자만 저장\분리자로 숫자만 저장.vcxproj" 프로젝트를 빌드했습니다(build 대상).

빌드했습니다.

경과 시간: 00:00:01.10
